<?xml version="1.0" encoding="UTF-8"?>
<testng-results skipped="0" failed="0" ignored="0" total="1" passed="1">
  <reporter-output>
  </reporter-output>
  <suite name="Default suite" duration-ms="5240" started-at="2018-07-19T17:06:50Z" finished-at="2018-07-19T17:06:55Z">
    <groups>
    </groups>
    <test name="Default test" duration-ms="5240" started-at="2018-07-19T17:06:50Z" finished-at="2018-07-19T17:06:55Z">
      <class name="singletonWebDriver.NewTest">
        <test-method status="PASS" signature="firstTest()[pri:0, instance:singletonWebDriver.NewTest@7bbc8656]" name="firstTest" duration-ms="5180" started-at="2018-07-19T17:06:50Z" finished-at="2018-07-19T17:06:55Z">
          <reporter-output>
          </reporter-output>
        </test-method> <!-- firstTest -->
      </class> <!-- singletonWebDriver.NewTest -->
    </test> <!-- Default test -->
  </suite> <!-- Default suite -->
</testng-results>
