<?xml version="1.0" encoding="UTF-8"?>
<!-- Generated by org.testng.reporters.JUnitXMLReporter -->
<testsuite hostname="LAPTOP-C1873E79" ignored="0" name="Default test" tests="3" failures="0" timestamp="01 Sep 2018 07:05:58 GMT" time="10.653" errors="0">
  <testcase name="doPracticeRestAssured" time="4.357" classname="restAssuredPractice.RestAssuredPractice"/>
  <testcase name="doPracticeRestAssuredDeleteTweet" time="4.849" classname="restAssuredPractice.RestAssuredPractice"/>
  <testcase name="doPracticeRestAssuredGetLastTweet" time="1.383" classname="restAssuredPractice.RestAssuredPractice"/>
</testsuite> <!-- Default test -->
