<?xml version="1.0" encoding="UTF-8"?>
<!-- Generated by org.testng.reporters.JUnitXMLReporter -->
<testsuite hostname="LAPTOP-C1873E79" ignored="0" name="Test" tests="5" failures="0" timestamp="12 Aug 2018 16:16:06 GMT" time="17.028" errors="0">
  <testcase name="loginTest" time="4.055" classname="testClasses.HomePageTest"/>
  <testcase name="loginTest" time="3.43" classname="testClasses.HomePageTest"/>
  <testcase name="loginTest" time="3.306" classname="testClasses.HomePageTest"/>
  <testcase name="loginTest" time="2.686" classname="testClasses.HomePageTest"/>
  <testcase name="loginTest" time="3.481" classname="testClasses.HomePageTest"/>
</testsuite> <!-- Test -->
