<?xml version="1.0" encoding="UTF-8"?>
<!-- Generated by org.testng.reporters.JUnitXMLReporter -->
<testsuite hostname="LAPTOP-C1873E79" ignored="0" name="Test" tests="1" failures="1" timestamp="16 Jul 2018 16:54:25 GMT" time="0.91" errors="0">
  <testcase name="loginAsBankManager" time="0.361" classname="testCases.FirstTestCase">
    <failure type="java.lang.AssertionError" message="Failing Bank Manager Login Test">
      <![CDATA[java.lang.AssertionError: Failing Bank Manager Login Test
at testCases.FirstTestCase.loginAsBankManager(FirstTestCase.java:15)
... Removed 26 stack frames]]>
    </failure>
  </testcase> <!-- loginAsBankManager -->
</testsuite> <!-- Test -->
